2024-10-18 09:50:00.197 [info] [main] Log level: Info
2024-10-18 09:50:00.197 [info] [main] Validating found git in: "git"
2024-10-18 09:50:00.197 [info] [main] Using git "2.43.0" from "git"
2024-10-18 09:50:00.197 [info] [Model][doInitialScan] Initial repository scan started
2024-10-18 09:50:00.197 [info] > git rev-parse --show-toplevel [3ms]
2024-10-18 09:50:00.197 [info] > git rev-parse --git-dir --git-common-dir [2ms]
2024-10-18 09:50:00.197 [info] [Model][openRepository] Opened repository: /workspace/project
2024-10-18 09:50:00.197 [info] > git config --get commit.template [5ms]
2024-10-18 09:50:00.197 [info] > git rev-parse --show-toplevel [10ms]
2024-10-18 09:50:00.197 [info] > git for-each-ref --format=%(refname)%00%(upstream:short)%00%(objectname)%00%(upstream:track)%00%(upstream:remotename)%00%(upstream:remoteref) refs/heads/main refs/remotes/main [7ms]
2024-10-18 09:50:00.197 [warning] [Git][revParse] Unable to read file: ENOENT: no such file or directory, open '/workspace/project/.git/refs/remotes/origin/main'
2024-10-18 09:50:00.197 [info] > git rev-parse --show-toplevel [5ms]
2024-10-18 09:50:00.197 [info] [Model][doInitialScan] Initial repository scan completed - repositories (1), closed repositories (0), parent repositories (0), unsafe repositories (0)
2024-10-18 09:50:00.197 [info] > git rev-parse refs/remotes/origin/main [1ms]
2024-10-18 09:50:00.197 [info] > git status -z -uall [5ms]
2024-10-18 09:50:00.197 [info] > git for-each-ref --sort -committerdate --format %(refname) %(objectname) %(*objectname) [96ms]
2024-10-18 09:50:00.197 [info] > git config --get commit.template [26ms]
2024-10-18 09:50:00.197 [info] > git for-each-ref --format=%(refname)%00%(upstream:short)%00%(objectname)%00%(upstream:track)%00%(upstream:remotename)%00%(upstream:remoteref) refs/heads/main refs/remotes/main [33ms]
2024-10-18 09:50:00.197 [info] > git config --local branch.main.vscode-merge-base [7ms]
2024-10-18 09:50:00.197 [info] > git for-each-ref --format=%(refname)%00%(upstream:short)%00%(objectname)%00%(upstream:track)%00%(upstream:remotename)%00%(upstream:remoteref) refs/heads/main refs/remotes/main [7ms]
2024-10-18 09:50:00.197 [warning] [Git][revParse] Unable to read file: ENOENT: no such file or directory, open '/workspace/project/.git/refs/remotes/origin/main'
2024-10-18 09:50:00.197 [info] > git for-each-ref --format=%(refname)%00%(upstream:short)%00%(objectname)%00%(upstream:track)%00%(upstream:remotename)%00%(upstream:remoteref) refs/heads/origin/main refs/remotes/origin/main [7ms]
2024-10-18 09:50:00.197 [info] > git rev-parse refs/remotes/origin/main [8ms]
2024-10-18 09:50:00.197 [info] > git status -z -uall [6ms]
2024-10-18 09:50:00.197 [info] > git merge-base refs/heads/main refs/remotes/origin/main [12ms]
2024-10-18 09:50:00.197 [info] > git for-each-ref --sort -committerdate --format %(refname) %(objectname) %(*objectname) [8ms]
2024-10-18 09:50:00.197 [info] > git diff --name-status -z --diff-filter=ADMR ebef6c6b5a5bd079e5abd81c2740b1261740ce15...refs/remotes/origin/main [11ms]
2024-10-18 09:50:00.197 [info] > git merge-base refs/heads/main refs/remotes/origin/main [3ms]
2024-10-18 09:50:00.197 [info] > git diff --name-status -z --diff-filter=ADMR ebef6c6b5a5bd079e5abd81c2740b1261740ce15...refs/remotes/origin/main [4ms]
2024-10-18 09:50:00.704 [info] > git check-ignore -v -z --stdin [2ms]
2024-10-18 09:50:00.725 [info] > git show --textconv :universe.sql [6ms]
2024-10-18 09:50:00.726 [info] > git ls-files --stage -- /workspace/project/universe.sql [1ms]
2024-10-18 09:50:01.844 [info] > git config --local branch.main.github-pr-owner-number [103ms]
2024-10-18 09:50:01.844 [warning] [Git][config] git config failed: Failed to execute git
2024-10-18 09:52:25.816 [info] > git show --textconv HEAD:universe.sql [5ms]
2024-10-18 09:52:25.818 [info] > git ls-tree -l HEAD -- /workspace/project/universe.sql [1ms]
2024-10-18 09:52:35.273 [info] > git show --textconv :universe.sql [6ms]
2024-10-18 09:52:35.274 [info] > git ls-files --stage -- /workspace/project/universe.sql [1ms]
2024-10-18 10:04:15.787 [info] > git config --get commit.template [7ms]
2024-10-18 10:04:15.789 [info] > git for-each-ref --format=%(refname)%00%(upstream:short)%00%(objectname)%00%(upstream:track)%00%(upstream:remotename)%00%(upstream:remoteref) refs/heads/main refs/remotes/main [3ms]
2024-10-18 10:04:15.794 [warning] [Git][revParse] Unable to read file: ENOENT: no such file or directory, open '/workspace/project/.git/refs/remotes/origin/main'
2024-10-18 10:04:15.795 [info] > git rev-parse refs/remotes/origin/main [1ms]
2024-10-18 10:04:15.807 [info] > git status -z -uall [7ms]
2024-10-18 10:04:15.810 [info] > git for-each-ref --sort -committerdate --format %(refname) %(objectname) %(*objectname) [3ms]
2024-10-18 10:04:32.229 [info] > git config --get commit.template [7ms]
2024-10-18 10:04:32.231 [info] > git for-each-ref --format=%(refname)%00%(upstream:short)%00%(objectname)%00%(upstream:track)%00%(upstream:remotename)%00%(upstream:remoteref) refs/heads/main refs/remotes/main [4ms]
2024-10-18 10:04:32.236 [warning] [Git][revParse] Unable to read file: ENOENT: no such file or directory, open '/workspace/project/.git/refs/remotes/origin/main'
2024-10-18 10:04:32.238 [info] > git rev-parse refs/remotes/origin/main [1ms]
2024-10-18 10:04:32.248 [info] > git status -z -uall [6ms]
2024-10-18 10:04:32.250 [info] > git for-each-ref --sort -committerdate --format %(refname) %(objectname) %(*objectname) [3ms]
2024-10-18 10:04:56.386 [info] > git config --get commit.template [7ms]
2024-10-18 10:04:56.388 [info] > git for-each-ref --format=%(refname)%00%(upstream:short)%00%(objectname)%00%(upstream:track)%00%(upstream:remotename)%00%(upstream:remoteref) refs/heads/main refs/remotes/main [3ms]
2024-10-18 10:04:56.393 [warning] [Git][revParse] Unable to read file: ENOENT: no such file or directory, open '/workspace/project/.git/refs/remotes/origin/main'
2024-10-18 10:04:56.394 [info] > git rev-parse refs/remotes/origin/main [1ms]
2024-10-18 10:04:56.405 [info] > git status -z -uall [6ms]
2024-10-18 10:04:56.407 [info] > git for-each-ref --sort -committerdate --format %(refname) %(objectname) %(*objectname) [3ms]
2024-10-18 10:05:26.116 [info] > git show --textconv :universe.sql [5ms]
2024-10-18 10:05:26.118 [info] > git ls-files --stage -- /workspace/project/universe.sql [2ms]
2024-10-18 10:05:51.682 [info] > git config --get commit.template [8ms]
2024-10-18 10:05:51.685 [info] > git for-each-ref --format=%(refname)%00%(upstream:short)%00%(objectname)%00%(upstream:track)%00%(upstream:remotename)%00%(upstream:remoteref) refs/heads/main refs/remotes/main [3ms]
2024-10-18 10:05:51.692 [warning] [Git][revParse] Unable to read file: ENOENT: no such file or directory, open '/workspace/project/.git/refs/remotes/origin/main'
2024-10-18 10:05:51.694 [info] > git rev-parse refs/remotes/origin/main [2ms]
2024-10-18 10:05:51.709 [info] > git status -z -uall [8ms]
2024-10-18 10:05:51.711 [info] > git for-each-ref --sort -committerdate --format %(refname) %(objectname) %(*objectname) [4ms]
