2024-10-18 09:33:22.609 [info] [main] Log level: Info
2024-10-18 09:33:22.609 [info] [main] Validating found git in: "git"
2024-10-18 09:33:22.609 [info] [main] Using git "2.43.0" from "git"
2024-10-18 09:33:22.609 [info] [Model][doInitialScan] Initial repository scan started
2024-10-18 09:33:22.609 [info] > git rev-parse --show-toplevel [2ms]
2024-10-18 09:33:22.609 [info] > git rev-parse --git-dir --git-common-dir [23ms]
2024-10-18 09:33:22.609 [info] [Model][openRepository] Opened repository: /workspace/project
2024-10-18 09:33:22.609 [info] > git rev-parse --show-toplevel [5ms]
2024-10-18 09:33:22.609 [info] > git config --get commit.template [9ms]
2024-10-18 09:33:22.609 [info] > git rev-parse --show-toplevel [6ms]
2024-10-18 09:33:22.609 [info] [Model][doInitialScan] Initial repository scan completed - repositories (1), closed repositories (0), parent repositories (0), unsafe repositories (0)
2024-10-18 09:33:22.609 [info] > git for-each-ref --format=%(refname)%00%(upstream:short)%00%(objectname)%00%(upstream:track)%00%(upstream:remotename)%00%(upstream:remoteref) refs/heads/main refs/remotes/main [2ms]
2024-10-18 09:33:22.609 [warning] [Git][revParse] Unable to read file: ENOENT: no such file or directory, open '/workspace/project/.git/refs/remotes/origin/main'
2024-10-18 09:33:22.609 [info] > git rev-parse refs/remotes/origin/main [4ms]
2024-10-18 09:33:22.609 [info] > git status -z -uall [7ms]
2024-10-18 09:33:22.609 [info] > git for-each-ref --sort -committerdate --format %(refname) %(objectname) %(*objectname) [2ms]
2024-10-18 09:33:22.609 [info] > git for-each-ref --format=%(refname)%00%(upstream:short)%00%(objectname)%00%(upstream:track)%00%(upstream:remotename)%00%(upstream:remoteref) refs/heads/main refs/remotes/main [6ms]
2024-10-18 09:33:22.609 [info] > git config --get commit.template [6ms]
2024-10-18 09:33:22.609 [info] > git config --local branch.main.vscode-merge-base [12ms]
2024-10-18 09:33:22.609 [warning] [Git][config] git config failed: Failed to execute git
2024-10-18 09:33:22.609 [info] > git for-each-ref --format=%(refname)%00%(upstream:short)%00%(objectname)%00%(upstream:track)%00%(upstream:remotename)%00%(upstream:remoteref) refs/heads/main refs/remotes/main [6ms]
2024-10-18 09:33:22.609 [warning] [Git][revParse] Unable to read file: ENOENT: no such file or directory, open '/workspace/project/.git/refs/remotes/origin/main'
2024-10-18 09:33:22.609 [info] > git reflog main --grep-reflog=branch: Created from *. [135ms]
2024-10-18 09:33:22.609 [info] > git rev-parse refs/remotes/origin/main [37ms]
2024-10-18 09:33:22.609 [info] > git status -z -uall [7ms]
2024-10-18 09:33:22.609 [info] > git symbolic-ref --short refs/remotes/origin/HEAD [43ms]
2024-10-18 09:33:22.609 [info] > git for-each-ref --sort -committerdate --format %(refname) %(objectname) %(*objectname) [11ms]
2024-10-18 09:33:22.609 [info] > git for-each-ref --format=%(refname)%00%(upstream:short)%00%(objectname)%00%(upstream:track)%00%(upstream:remotename)%00%(upstream:remoteref) refs/heads/origin/main refs/remotes/origin/main [13ms]
2024-10-18 09:33:22.609 [info] > git for-each-ref --format=%(refname)%00%(upstream:short)%00%(objectname)%00%(upstream:track)%00%(upstream:remotename)%00%(upstream:remoteref) refs/heads/main refs/remotes/main [7ms]
2024-10-18 09:33:22.610 [info] > git config --local branch.main.vscode-merge-base origin/main [7ms]
2024-10-18 09:33:22.615 [info] > git config --local branch.main.vscode-merge-base [6ms]
2024-10-18 09:33:22.621 [info] > git config --get commit.template [6ms]
2024-10-18 09:33:22.750 [info] > git for-each-ref --format=%(refname)%00%(upstream:short)%00%(objectname)%00%(upstream:track)%00%(upstream:remotename)%00%(upstream:remoteref) refs/heads/origin/main refs/remotes/origin/main [130ms]
2024-10-18 09:33:22.757 [info] > git for-each-ref --format=%(refname)%00%(upstream:short)%00%(objectname)%00%(upstream:track)%00%(upstream:remotename)%00%(upstream:remoteref) refs/heads/main refs/remotes/main [8ms]
2024-10-18 09:33:22.759 [info] > git merge-base refs/heads/main refs/remotes/origin/main [4ms]
2024-10-18 09:33:22.768 [warning] [Git][revParse] Unable to read file: ENOENT: no such file or directory, open '/workspace/project/.git/refs/remotes/origin/main'
2024-10-18 09:33:22.769 [info] > git diff --name-status -z --diff-filter=ADMR ebef6c6b5a5bd079e5abd81c2740b1261740ce15...refs/remotes/origin/main [5ms]
2024-10-18 09:33:22.770 [info] > git rev-parse refs/remotes/origin/main [2ms]
2024-10-18 09:33:22.807 [info] > git status -z -uall [8ms]
2024-10-18 09:33:22.808 [info] > git for-each-ref --sort -committerdate --format %(refname) %(objectname) %(*objectname) [4ms]
2024-10-18 09:33:24.297 [info] > git config --local branch.main.github-pr-owner-number [102ms]
2024-10-18 09:33:24.297 [warning] [Git][config] git config failed: Failed to execute git
2024-10-18 09:33:26.602 [info] > git config --get commit.template [6ms]
2024-10-18 09:33:26.603 [info] > git for-each-ref --format=%(refname)%00%(upstream:short)%00%(objectname)%00%(upstream:track)%00%(upstream:remotename)%00%(upstream:remoteref) refs/heads/main refs/remotes/main [2ms]
2024-10-18 09:33:26.608 [warning] [Git][revParse] Unable to read file: ENOENT: no such file or directory, open '/workspace/project/.git/refs/remotes/origin/main'
2024-10-18 09:33:26.610 [info] > git rev-parse refs/remotes/origin/main [2ms]
2024-10-18 09:33:26.620 [info] > git status -z -uall [6ms]
2024-10-18 09:33:26.622 [info] > git for-each-ref --sort -committerdate --format %(refname) %(objectname) %(*objectname) [3ms]
2024-10-18 09:33:31.635 [info] > git config --get commit.template [5ms]
2024-10-18 09:33:31.637 [info] > git for-each-ref --format=%(refname)%00%(upstream:short)%00%(objectname)%00%(upstream:track)%00%(upstream:remotename)%00%(upstream:remoteref) refs/heads/main refs/remotes/main [2ms]
2024-10-18 09:33:31.641 [warning] [Git][revParse] Unable to read file: ENOENT: no such file or directory, open '/workspace/project/.git/refs/remotes/origin/main'
2024-10-18 09:33:31.643 [info] > git rev-parse refs/remotes/origin/main [2ms]
2024-10-18 09:33:31.653 [info] > git status -z -uall [6ms]
2024-10-18 09:33:31.655 [info] > git for-each-ref --sort -committerdate --format %(refname) %(objectname) %(*objectname) [2ms]
2024-10-18 09:33:31.773 [info] > git merge-base refs/heads/main refs/remotes/origin/main [110ms]
2024-10-18 09:33:31.781 [info] > git diff --name-status -z --diff-filter=ADMR ebef6c6b5a5bd079e5abd81c2740b1261740ce15...refs/remotes/origin/main [3ms]
2024-10-18 09:33:31.879 [info] > git config --local branch.main.github-pr-owner-number [2ms]
2024-10-18 09:33:31.879 [warning] [Git][config] git config failed: Failed to execute git
2024-10-18 09:33:36.717 [info] > git config --get commit.template [14ms]
2024-10-18 09:33:36.720 [info] > git for-each-ref --format=%(refname)%00%(upstream:short)%00%(objectname)%00%(upstream:track)%00%(upstream:remotename)%00%(upstream:remoteref) refs/heads/main refs/remotes/main [4ms]
2024-10-18 09:33:36.796 [warning] [Git][revParse] Unable to read file: ENOENT: no such file or directory, open '/workspace/project/.git/refs/remotes/origin/main'
2024-10-18 09:33:36.797 [info] > git rev-parse refs/remotes/origin/main [1ms]
2024-10-18 09:33:36.812 [info] > git status -z -uall [8ms]
2024-10-18 09:33:36.899 [info] > git for-each-ref --sort -committerdate --format %(refname) %(objectname) %(*objectname) [87ms]
2024-10-18 09:33:41.918 [info] > git config --get commit.template [8ms]
2024-10-18 09:33:41.920 [info] > git for-each-ref --format=%(refname)%00%(upstream:short)%00%(objectname)%00%(upstream:track)%00%(upstream:remotename)%00%(upstream:remoteref) refs/heads/main refs/remotes/main [3ms]
2024-10-18 09:33:41.927 [warning] [Git][revParse] Unable to read file: ENOENT: no such file or directory, open '/workspace/project/.git/refs/remotes/origin/main'
2024-10-18 09:33:41.929 [info] > git rev-parse refs/remotes/origin/main [2ms]
2024-10-18 09:33:41.944 [info] > git status -z -uall [8ms]
2024-10-18 09:33:41.947 [info] > git for-each-ref --sort -committerdate --format %(refname) %(objectname) %(*objectname) [4ms]
2024-10-18 09:33:42.122 [info] > git merge-base refs/heads/main refs/remotes/origin/main [163ms]
2024-10-18 09:33:42.133 [info] > git diff --name-status -z --diff-filter=ADMR ebef6c6b5a5bd079e5abd81c2740b1261740ce15...refs/remotes/origin/main [3ms]
2024-10-18 09:33:42.228 [info] > git config --local branch.main.github-pr-owner-number [2ms]
2024-10-18 09:33:42.228 [warning] [Git][config] git config failed: Failed to execute git
2024-10-18 09:33:46.979 [info] > git config --get commit.template [9ms]
2024-10-18 09:33:46.980 [info] > git for-each-ref --format=%(refname)%00%(upstream:short)%00%(objectname)%00%(upstream:track)%00%(upstream:remotename)%00%(upstream:remoteref) refs/heads/main refs/remotes/main [3ms]
2024-10-18 09:33:46.988 [warning] [Git][revParse] Unable to read file: ENOENT: no such file or directory, open '/workspace/project/.git/refs/remotes/origin/main'
2024-10-18 09:33:46.990 [info] > git rev-parse refs/remotes/origin/main [3ms]
2024-10-18 09:33:47.006 [info] > git status -z -uall [9ms]
2024-10-18 09:33:47.008 [info] > git for-each-ref --sort -committerdate --format %(refname) %(objectname) %(*objectname) [4ms]
2024-10-18 09:33:55.476 [info] > git config --get commit.template [11ms]
2024-10-18 09:33:55.478 [info] > git for-each-ref --format=%(refname)%00%(upstream:short)%00%(objectname)%00%(upstream:track)%00%(upstream:remotename)%00%(upstream:remoteref) refs/heads/main refs/remotes/main [4ms]
2024-10-18 09:33:55.484 [warning] [Git][revParse] Unable to read file: ENOENT: no such file or directory, open '/workspace/project/.git/refs/remotes/origin/main'
2024-10-18 09:33:55.487 [info] > git rev-parse refs/remotes/origin/main [3ms]
2024-10-18 09:33:55.500 [info] > git status -z -uall [7ms]
2024-10-18 09:33:55.504 [info] > git for-each-ref --sort -committerdate --format %(refname) %(objectname) %(*objectname) [3ms]
2024-10-18 09:36:05.410 [info] > git config --get commit.template [7ms]
2024-10-18 09:36:05.412 [info] > git for-each-ref --format=%(refname)%00%(upstream:short)%00%(objectname)%00%(upstream:track)%00%(upstream:remotename)%00%(upstream:remoteref) refs/heads/main refs/remotes/main [3ms]
2024-10-18 09:36:05.417 [warning] [Git][revParse] Unable to read file: ENOENT: no such file or directory, open '/workspace/project/.git/refs/remotes/origin/main'
2024-10-18 09:36:05.419 [info] > git rev-parse refs/remotes/origin/main [2ms]
2024-10-18 09:36:05.433 [info] > git status -z -uall [8ms]
2024-10-18 09:36:05.435 [info] > git for-each-ref --sort -committerdate --format %(refname) %(objectname) %(*objectname) [3ms]
2024-10-18 09:36:27.840 [info] > git config --get commit.template [5ms]
2024-10-18 09:36:27.843 [info] > git for-each-ref --format=%(refname)%00%(upstream:short)%00%(objectname)%00%(upstream:track)%00%(upstream:remotename)%00%(upstream:remoteref) refs/heads/main refs/remotes/main [2ms]
2024-10-18 09:36:27.847 [warning] [Git][revParse] Unable to read file: ENOENT: no such file or directory, open '/workspace/project/.git/refs/remotes/origin/main'
2024-10-18 09:36:27.849 [info] > git rev-parse refs/remotes/origin/main [2ms]
2024-10-18 09:36:27.858 [info] > git status -z -uall [5ms]
2024-10-18 09:36:27.860 [info] > git for-each-ref --sort -committerdate --format %(refname) %(objectname) %(*objectname) [2ms]
2024-10-18 09:36:27.882 [info] > git check-ignore -v -z --stdin [1ms]
2024-10-18 09:36:30.139 [info] > git show --textconv :universe.sql [6ms]
2024-10-18 09:36:30.140 [info] > git ls-files --stage -- /workspace/project/universe.sql [2ms]
2024-10-18 09:36:57.248 [info] > git config --get commit.template [6ms]
2024-10-18 09:36:57.250 [info] > git for-each-ref --format=%(refname)%00%(upstream:short)%00%(objectname)%00%(upstream:track)%00%(upstream:remotename)%00%(upstream:remoteref) refs/heads/main refs/remotes/main [3ms]
2024-10-18 09:36:57.255 [warning] [Git][revParse] Unable to read file: ENOENT: no such file or directory, open '/workspace/project/.git/refs/remotes/origin/main'
2024-10-18 09:36:57.256 [info] > git rev-parse refs/remotes/origin/main [1ms]
2024-10-18 09:36:57.268 [info] > git status -z -uall [7ms]
2024-10-18 09:36:57.269 [info] > git for-each-ref --sort -committerdate --format %(refname) %(objectname) %(*objectname) [3ms]
2024-10-18 09:37:02.284 [info] > git config --get commit.template [6ms]
2024-10-18 09:37:02.286 [info] > git for-each-ref --format=%(refname)%00%(upstream:short)%00%(objectname)%00%(upstream:track)%00%(upstream:remotename)%00%(upstream:remoteref) refs/heads/main refs/remotes/main [2ms]
2024-10-18 09:37:02.291 [warning] [Git][revParse] Unable to read file: ENOENT: no such file or directory, open '/workspace/project/.git/refs/remotes/origin/main'
2024-10-18 09:37:02.292 [info] > git rev-parse refs/remotes/origin/main [2ms]
2024-10-18 09:37:02.302 [info] > git status -z -uall [5ms]
2024-10-18 09:37:02.305 [info] > git for-each-ref --sort -committerdate --format %(refname) %(objectname) %(*objectname) [3ms]
2024-10-18 09:38:28.513 [info] > git config --get commit.template [6ms]
2024-10-18 09:38:28.514 [info] > git for-each-ref --format=%(refname)%00%(upstream:short)%00%(objectname)%00%(upstream:track)%00%(upstream:remotename)%00%(upstream:remoteref) refs/heads/main refs/remotes/main [3ms]
2024-10-18 09:38:28.518 [warning] [Git][revParse] Unable to read file: ENOENT: no such file or directory, open '/workspace/project/.git/refs/remotes/origin/main'
2024-10-18 09:38:28.520 [info] > git rev-parse refs/remotes/origin/main [2ms]
2024-10-18 09:38:28.529 [info] > git status -z -uall [5ms]
2024-10-18 09:38:28.532 [info] > git for-each-ref --sort -committerdate --format %(refname) %(objectname) %(*objectname) [3ms]
2024-10-18 09:38:33.580 [info] > git config --get commit.template [6ms]
2024-10-18 09:38:33.581 [info] > git for-each-ref --format=%(refname)%00%(upstream:short)%00%(objectname)%00%(upstream:track)%00%(upstream:remotename)%00%(upstream:remoteref) refs/heads/main refs/remotes/main [2ms]
2024-10-18 09:38:33.586 [warning] [Git][revParse] Unable to read file: ENOENT: no such file or directory, open '/workspace/project/.git/refs/remotes/origin/main'
2024-10-18 09:38:33.588 [info] > git rev-parse refs/remotes/origin/main [2ms]
2024-10-18 09:38:33.598 [info] > git status -z -uall [6ms]
2024-10-18 09:38:33.599 [info] > git for-each-ref --sort -committerdate --format %(refname) %(objectname) %(*objectname) [2ms]
2024-10-18 09:39:42.904 [info] > git config --get commit.template [7ms]
2024-10-18 09:39:42.905 [info] > git for-each-ref --format=%(refname)%00%(upstream:short)%00%(objectname)%00%(upstream:track)%00%(upstream:remotename)%00%(upstream:remoteref) refs/heads/main refs/remotes/main [3ms]
2024-10-18 09:39:42.910 [warning] [Git][revParse] Unable to read file: ENOENT: no such file or directory, open '/workspace/project/.git/refs/remotes/origin/main'
2024-10-18 09:39:42.912 [info] > git rev-parse refs/remotes/origin/main [2ms]
2024-10-18 09:39:42.923 [info] > git status -z -uall [6ms]
2024-10-18 09:39:42.925 [info] > git for-each-ref --sort -committerdate --format %(refname) %(objectname) %(*objectname) [3ms]
2024-10-18 09:39:47.965 [info] > git config --get commit.template [6ms]
2024-10-18 09:39:47.966 [info] > git for-each-ref --format=%(refname)%00%(upstream:short)%00%(objectname)%00%(upstream:track)%00%(upstream:remotename)%00%(upstream:remoteref) refs/heads/main refs/remotes/main [2ms]
2024-10-18 09:39:47.971 [warning] [Git][revParse] Unable to read file: ENOENT: no such file or directory, open '/workspace/project/.git/refs/remotes/origin/main'
2024-10-18 09:39:47.973 [info] > git rev-parse refs/remotes/origin/main [2ms]
2024-10-18 09:39:47.983 [info] > git status -z -uall [6ms]
2024-10-18 09:39:47.984 [info] > git for-each-ref --sort -committerdate --format %(refname) %(objectname) %(*objectname) [2ms]
2024-10-18 09:39:50.816 [info] > git show --textconv :universe.sql [6ms]
2024-10-18 09:39:50.817 [info] > git ls-files --stage -- /workspace/project/universe.sql [2ms]
2024-10-18 09:39:54.708 [info] > git config --get commit.template [5ms]
2024-10-18 09:39:54.710 [info] > git for-each-ref --format=%(refname)%00%(upstream:short)%00%(objectname)%00%(upstream:track)%00%(upstream:remotename)%00%(upstream:remoteref) refs/heads/main refs/remotes/main [2ms]
2024-10-18 09:39:54.715 [warning] [Git][revParse] Unable to read file: ENOENT: no such file or directory, open '/workspace/project/.git/refs/remotes/origin/main'
2024-10-18 09:39:54.716 [info] > git rev-parse refs/remotes/origin/main [1ms]
2024-10-18 09:39:54.726 [info] > git status -z -uall [5ms]
2024-10-18 09:39:54.728 [info] > git for-each-ref --sort -committerdate --format %(refname) %(objectname) %(*objectname) [3ms]
2024-10-18 09:41:53.390 [info] > git config --get commit.template [6ms]
2024-10-18 09:41:53.392 [info] > git for-each-ref --format=%(refname)%00%(upstream:short)%00%(objectname)%00%(upstream:track)%00%(upstream:remotename)%00%(upstream:remoteref) refs/heads/main refs/remotes/main [2ms]
2024-10-18 09:41:53.397 [warning] [Git][revParse] Unable to read file: ENOENT: no such file or directory, open '/workspace/project/.git/refs/remotes/origin/main'
2024-10-18 09:41:53.398 [info] > git rev-parse refs/remotes/origin/main [1ms]
2024-10-18 09:41:53.408 [info] > git status -z -uall [5ms]
2024-10-18 09:41:53.411 [info] > git for-each-ref --sort -committerdate --format %(refname) %(objectname) %(*objectname) [3ms]
2024-10-18 09:41:58.426 [info] > git config --get commit.template [5ms]
2024-10-18 09:41:58.427 [info] > git for-each-ref --format=%(refname)%00%(upstream:short)%00%(objectname)%00%(upstream:track)%00%(upstream:remotename)%00%(upstream:remoteref) refs/heads/main refs/remotes/main [2ms]
2024-10-18 09:41:58.432 [warning] [Git][revParse] Unable to read file: ENOENT: no such file or directory, open '/workspace/project/.git/refs/remotes/origin/main'
2024-10-18 09:41:58.434 [info] > git rev-parse refs/remotes/origin/main [2ms]
2024-10-18 09:41:58.444 [info] > git status -z -uall [5ms]
2024-10-18 09:41:58.447 [info] > git for-each-ref --sort -committerdate --format %(refname) %(objectname) %(*objectname) [3ms]
2024-10-18 09:42:26.108 [info] > git config --get commit.template [7ms]
2024-10-18 09:42:26.111 [info] > git for-each-ref --format=%(refname)%00%(upstream:short)%00%(objectname)%00%(upstream:track)%00%(upstream:remotename)%00%(upstream:remoteref) refs/heads/main refs/remotes/main [3ms]
2024-10-18 09:42:26.118 [warning] [Git][revParse] Unable to read file: ENOENT: no such file or directory, open '/workspace/project/.git/refs/remotes/origin/main'
2024-10-18 09:42:26.120 [info] > git rev-parse refs/remotes/origin/main [2ms]
2024-10-18 09:42:26.136 [info] > git status -z -uall [9ms]
2024-10-18 09:42:26.139 [info] > git for-each-ref --sort -committerdate --format %(refname) %(objectname) %(*objectname) [4ms]
2024-10-18 09:42:31.159 [info] > git config --get commit.template [8ms]
2024-10-18 09:42:31.162 [info] > git for-each-ref --format=%(refname)%00%(upstream:short)%00%(objectname)%00%(upstream:track)%00%(upstream:remotename)%00%(upstream:remoteref) refs/heads/main refs/remotes/main [3ms]
2024-10-18 09:42:31.167 [warning] [Git][revParse] Unable to read file: ENOENT: no such file or directory, open '/workspace/project/.git/refs/remotes/origin/main'
2024-10-18 09:42:31.169 [info] > git rev-parse refs/remotes/origin/main [2ms]
2024-10-18 09:42:31.182 [info] > git status -z -uall [7ms]
2024-10-18 09:42:31.186 [info] > git for-each-ref --sort -committerdate --format %(refname) %(objectname) %(*objectname) [3ms]
2024-10-18 09:42:37.235 [info] > git config --get commit.template [6ms]
2024-10-18 09:42:37.237 [info] > git for-each-ref --format=%(refname)%00%(upstream:short)%00%(objectname)%00%(upstream:track)%00%(upstream:remotename)%00%(upstream:remoteref) refs/heads/main refs/remotes/main [3ms]
2024-10-18 09:42:37.243 [warning] [Git][revParse] Unable to read file: ENOENT: no such file or directory, open '/workspace/project/.git/refs/remotes/origin/main'
2024-10-18 09:42:37.245 [info] > git rev-parse refs/remotes/origin/main [2ms]
2024-10-18 09:42:37.259 [info] > git status -z -uall [8ms]
2024-10-18 09:42:37.262 [info] > git for-each-ref --sort -committerdate --format %(refname) %(objectname) %(*objectname) [4ms]
2024-10-18 09:42:55.721 [info] > git config --get commit.template [5ms]
2024-10-18 09:42:55.723 [info] > git for-each-ref --format=%(refname)%00%(upstream:short)%00%(objectname)%00%(upstream:track)%00%(upstream:remotename)%00%(upstream:remoteref) refs/heads/main refs/remotes/main [2ms]
2024-10-18 09:42:55.728 [warning] [Git][revParse] Unable to read file: ENOENT: no such file or directory, open '/workspace/project/.git/refs/remotes/origin/main'
2024-10-18 09:42:55.730 [info] > git rev-parse refs/remotes/origin/main [2ms]
2024-10-18 09:42:55.740 [info] > git status -z -uall [6ms]
2024-10-18 09:42:55.743 [info] > git for-each-ref --sort -committerdate --format %(refname) %(objectname) %(*objectname) [3ms]
2024-10-18 09:43:43.657 [info] > git config --get commit.template [5ms]
2024-10-18 09:43:43.659 [info] > git for-each-ref --format=%(refname)%00%(upstream:short)%00%(objectname)%00%(upstream:track)%00%(upstream:remotename)%00%(upstream:remoteref) refs/heads/main refs/remotes/main [3ms]
2024-10-18 09:43:43.664 [warning] [Git][revParse] Unable to read file: ENOENT: no such file or directory, open '/workspace/project/.git/refs/remotes/origin/main'
2024-10-18 09:43:43.666 [info] > git rev-parse refs/remotes/origin/main [1ms]
2024-10-18 09:43:43.676 [info] > git status -z -uall [5ms]
2024-10-18 09:43:43.678 [info] > git for-each-ref --sort -committerdate --format %(refname) %(objectname) %(*objectname) [3ms]
2024-10-18 09:43:54.011 [info] > git config --get commit.template [5ms]
2024-10-18 09:43:54.013 [info] > git for-each-ref --format=%(refname)%00%(upstream:short)%00%(objectname)%00%(upstream:track)%00%(upstream:remotename)%00%(upstream:remoteref) refs/heads/main refs/remotes/main [2ms]
2024-10-18 09:43:54.017 [warning] [Git][revParse] Unable to read file: ENOENT: no such file or directory, open '/workspace/project/.git/refs/remotes/origin/main'
2024-10-18 09:43:54.019 [info] > git rev-parse refs/remotes/origin/main [2ms]
2024-10-18 09:43:54.028 [info] > git status -z -uall [5ms]
2024-10-18 09:43:54.030 [info] > git for-each-ref --sort -committerdate --format %(refname) %(objectname) %(*objectname) [2ms]
2024-10-18 09:43:59.043 [info] > git config --get commit.template [6ms]
2024-10-18 09:43:59.044 [info] > git for-each-ref --format=%(refname)%00%(upstream:short)%00%(objectname)%00%(upstream:track)%00%(upstream:remotename)%00%(upstream:remoteref) refs/heads/main refs/remotes/main [2ms]
2024-10-18 09:43:59.049 [warning] [Git][revParse] Unable to read file: ENOENT: no such file or directory, open '/workspace/project/.git/refs/remotes/origin/main'
2024-10-18 09:43:59.050 [info] > git rev-parse refs/remotes/origin/main [1ms]
2024-10-18 09:43:59.059 [info] > git status -z -uall [5ms]
2024-10-18 09:43:59.061 [info] > git for-each-ref --sort -committerdate --format %(refname) %(objectname) %(*objectname) [2ms]
2024-10-18 09:44:05.572 [info] > git config --get commit.template [5ms]
2024-10-18 09:44:05.574 [info] > git for-each-ref --format=%(refname)%00%(upstream:short)%00%(objectname)%00%(upstream:track)%00%(upstream:remotename)%00%(upstream:remoteref) refs/heads/main refs/remotes/main [2ms]
2024-10-18 09:44:05.579 [warning] [Git][revParse] Unable to read file: ENOENT: no such file or directory, open '/workspace/project/.git/refs/remotes/origin/main'
2024-10-18 09:44:05.580 [info] > git rev-parse refs/remotes/origin/main [1ms]
2024-10-18 09:44:05.590 [info] > git status -z -uall [5ms]
2024-10-18 09:44:05.592 [info] > git for-each-ref --sort -committerdate --format %(refname) %(objectname) %(*objectname) [3ms]
2024-10-18 09:44:10.606 [info] > git config --get commit.template [7ms]
2024-10-18 09:44:10.608 [info] > git for-each-ref --format=%(refname)%00%(upstream:short)%00%(objectname)%00%(upstream:track)%00%(upstream:remotename)%00%(upstream:remoteref) refs/heads/main refs/remotes/main [3ms]
2024-10-18 09:44:10.612 [warning] [Git][revParse] Unable to read file: ENOENT: no such file or directory, open '/workspace/project/.git/refs/remotes/origin/main'
2024-10-18 09:44:10.614 [info] > git rev-parse refs/remotes/origin/main [2ms]
2024-10-18 09:44:10.623 [info] > git status -z -uall [5ms]
2024-10-18 09:44:10.626 [info] > git for-each-ref --sort -committerdate --format %(refname) %(objectname) %(*objectname) [2ms]
2024-10-18 09:44:31.298 [info] > git config --get commit.template [6ms]
2024-10-18 09:44:31.299 [info] > git for-each-ref --format=%(refname)%00%(upstream:short)%00%(objectname)%00%(upstream:track)%00%(upstream:remotename)%00%(upstream:remoteref) refs/heads/main refs/remotes/main [2ms]
2024-10-18 09:44:31.304 [warning] [Git][revParse] Unable to read file: ENOENT: no such file or directory, open '/workspace/project/.git/refs/remotes/origin/main'
2024-10-18 09:44:31.305 [info] > git rev-parse refs/remotes/origin/main [1ms]
2024-10-18 09:44:31.314 [info] > git status -z -uall [4ms]
2024-10-18 09:44:31.317 [info] > git for-each-ref --sort -committerdate --format %(refname) %(objectname) %(*objectname) [3ms]
2024-10-18 09:44:36.327 [info] > git config --get commit.template [2ms]
2024-10-18 09:44:36.334 [info] > git for-each-ref --format=%(refname)%00%(upstream:short)%00%(objectname)%00%(upstream:track)%00%(upstream:remotename)%00%(upstream:remoteref) refs/heads/main refs/remotes/main [3ms]
2024-10-18 09:44:36.339 [warning] [Git][revParse] Unable to read file: ENOENT: no such file or directory, open '/workspace/project/.git/refs/remotes/origin/main'
2024-10-18 09:44:36.340 [info] > git rev-parse refs/remotes/origin/main [1ms]
2024-10-18 09:44:36.350 [info] > git status -z -uall [5ms]
2024-10-18 09:44:36.353 [info] > git for-each-ref --sort -committerdate --format %(refname) %(objectname) %(*objectname) [3ms]
2024-10-18 09:44:41.367 [info] > git config --get commit.template [6ms]
2024-10-18 09:44:41.369 [info] > git for-each-ref --format=%(refname)%00%(upstream:short)%00%(objectname)%00%(upstream:track)%00%(upstream:remotename)%00%(upstream:remoteref) refs/heads/main refs/remotes/main [3ms]
2024-10-18 09:44:41.373 [warning] [Git][revParse] Unable to read file: ENOENT: no such file or directory, open '/workspace/project/.git/refs/remotes/origin/main'
2024-10-18 09:44:41.375 [info] > git rev-parse refs/remotes/origin/main [1ms]
2024-10-18 09:44:41.384 [info] > git status -z -uall [5ms]
2024-10-18 09:44:41.386 [info] > git for-each-ref --sort -committerdate --format %(refname) %(objectname) %(*objectname) [3ms]
2024-10-18 09:44:46.401 [info] > git config --get commit.template [6ms]
2024-10-18 09:44:46.403 [info] > git for-each-ref --format=%(refname)%00%(upstream:short)%00%(objectname)%00%(upstream:track)%00%(upstream:remotename)%00%(upstream:remoteref) refs/heads/main refs/remotes/main [3ms]
2024-10-18 09:44:46.407 [warning] [Git][revParse] Unable to read file: ENOENT: no such file or directory, open '/workspace/project/.git/refs/remotes/origin/main'
2024-10-18 09:44:46.409 [info] > git rev-parse refs/remotes/origin/main [2ms]
2024-10-18 09:44:46.419 [info] > git status -z -uall [6ms]
2024-10-18 09:44:46.420 [info] > git for-each-ref --sort -committerdate --format %(refname) %(objectname) %(*objectname) [2ms]
2024-10-18 09:47:33.410 [info] > git config --get commit.template [5ms]
2024-10-18 09:47:33.412 [info] > git for-each-ref --format=%(refname)%00%(upstream:short)%00%(objectname)%00%(upstream:track)%00%(upstream:remotename)%00%(upstream:remoteref) refs/heads/main refs/remotes/main [3ms]
2024-10-18 09:47:33.416 [warning] [Git][revParse] Unable to read file: ENOENT: no such file or directory, open '/workspace/project/.git/refs/remotes/origin/main'
2024-10-18 09:47:33.418 [info] > git rev-parse refs/remotes/origin/main [2ms]
2024-10-18 09:47:33.427 [info] > git status -z -uall [5ms]
2024-10-18 09:47:33.429 [info] > git for-each-ref --sort -committerdate --format %(refname) %(objectname) %(*objectname) [3ms]
2024-10-18 09:47:38.443 [info] > git config --get commit.template [6ms]
2024-10-18 09:47:38.445 [info] > git for-each-ref --format=%(refname)%00%(upstream:short)%00%(objectname)%00%(upstream:track)%00%(upstream:remotename)%00%(upstream:remoteref) refs/heads/main refs/remotes/main [2ms]
2024-10-18 09:47:38.449 [warning] [Git][revParse] Unable to read file: ENOENT: no such file or directory, open '/workspace/project/.git/refs/remotes/origin/main'
2024-10-18 09:47:38.450 [info] > git rev-parse refs/remotes/origin/main [1ms]
2024-10-18 09:47:38.462 [info] > git status -z -uall [5ms]
2024-10-18 09:47:38.464 [info] > git for-each-ref --sort -committerdate --format %(refname) %(objectname) %(*objectname) [3ms]
2024-10-18 09:47:52.513 [info] > git config --get commit.template [5ms]
2024-10-18 09:47:52.514 [info] > git for-each-ref --format=%(refname)%00%(upstream:short)%00%(objectname)%00%(upstream:track)%00%(upstream:remotename)%00%(upstream:remoteref) refs/heads/main refs/remotes/main [2ms]
2024-10-18 09:47:52.519 [warning] [Git][revParse] Unable to read file: ENOENT: no such file or directory, open '/workspace/project/.git/refs/remotes/origin/main'
2024-10-18 09:47:52.520 [info] > git rev-parse refs/remotes/origin/main [1ms]
2024-10-18 09:47:52.529 [info] > git status -z -uall [5ms]
2024-10-18 09:47:52.532 [info] > git for-each-ref --sort -committerdate --format %(refname) %(objectname) %(*objectname) [2ms]
2024-10-18 09:48:15.499 [info] > git config --get commit.template [6ms]
2024-10-18 09:48:15.500 [info] > git for-each-ref --format=%(refname)%00%(upstream:short)%00%(objectname)%00%(upstream:track)%00%(upstream:remotename)%00%(upstream:remoteref) refs/heads/main refs/remotes/main [2ms]
2024-10-18 09:48:15.506 [warning] [Git][revParse] Unable to read file: ENOENT: no such file or directory, open '/workspace/project/.git/refs/remotes/origin/main'
2024-10-18 09:48:15.507 [info] > git rev-parse refs/remotes/origin/main [2ms]
2024-10-18 09:48:15.517 [info] > git status -z -uall [6ms]
2024-10-18 09:48:15.518 [info] > git for-each-ref --sort -committerdate --format %(refname) %(objectname) %(*objectname) [2ms]
2024-10-18 09:48:21.934 [info] > git config --get commit.template [6ms]
2024-10-18 09:48:21.936 [info] > git for-each-ref --format=%(refname)%00%(upstream:short)%00%(objectname)%00%(upstream:track)%00%(upstream:remotename)%00%(upstream:remoteref) refs/heads/main refs/remotes/main [3ms]
2024-10-18 09:48:21.940 [warning] [Git][revParse] Unable to read file: ENOENT: no such file or directory, open '/workspace/project/.git/refs/remotes/origin/main'
2024-10-18 09:48:21.942 [info] > git rev-parse refs/remotes/origin/main [2ms]
2024-10-18 09:48:21.951 [info] > git status -z -uall [5ms]
2024-10-18 09:48:21.953 [info] > git for-each-ref --sort -committerdate --format %(refname) %(objectname) %(*objectname) [2ms]
2024-10-18 09:48:30.552 [info] > git config --get commit.template [5ms]
2024-10-18 09:48:30.554 [info] > git for-each-ref --format=%(refname)%00%(upstream:short)%00%(objectname)%00%(upstream:track)%00%(upstream:remotename)%00%(upstream:remoteref) refs/heads/main refs/remotes/main [3ms]
2024-10-18 09:48:30.558 [warning] [Git][revParse] Unable to read file: ENOENT: no such file or directory, open '/workspace/project/.git/refs/remotes/origin/main'
2024-10-18 09:48:30.560 [info] > git rev-parse refs/remotes/origin/main [2ms]
2024-10-18 09:48:30.569 [info] > git status -z -uall [5ms]
2024-10-18 09:48:30.571 [info] > git for-each-ref --sort -committerdate --format %(refname) %(objectname) %(*objectname) [2ms]
2024-10-18 09:48:32.473 [info] > git show --textconv :universe.sql [5ms]
2024-10-18 09:48:32.475 [info] > git ls-files --stage -- /workspace/project/universe.sql [2ms]
2024-10-18 09:49:01.211 [info] > git config --get commit.template [6ms]
2024-10-18 09:49:01.212 [info] > git for-each-ref --format=%(refname)%00%(upstream:short)%00%(objectname)%00%(upstream:track)%00%(upstream:remotename)%00%(upstream:remoteref) refs/heads/main refs/remotes/main [2ms]
2024-10-18 09:49:01.217 [warning] [Git][revParse] Unable to read file: ENOENT: no such file or directory, open '/workspace/project/.git/refs/remotes/origin/main'
2024-10-18 09:49:01.218 [info] > git rev-parse refs/remotes/origin/main [1ms]
2024-10-18 09:49:01.228 [info] > git status -z -uall [5ms]
2024-10-18 09:49:01.230 [info] > git for-each-ref --sort -committerdate --format %(refname) %(objectname) %(*objectname) [3ms]
2024-10-18 09:49:10.546 [info] > git config --get commit.template [6ms]
2024-10-18 09:49:10.548 [info] > git for-each-ref --format=%(refname)%00%(upstream:short)%00%(objectname)%00%(upstream:track)%00%(upstream:remotename)%00%(upstream:remoteref) refs/heads/main refs/remotes/main [2ms]
2024-10-18 09:49:10.553 [warning] [Git][revParse] Unable to read file: ENOENT: no such file or directory, open '/workspace/project/.git/refs/remotes/origin/main'
2024-10-18 09:49:10.555 [info] > git rev-parse refs/remotes/origin/main [2ms]
2024-10-18 09:49:10.565 [info] > git status -z -uall [6ms]
2024-10-18 09:49:10.568 [info] > git for-each-ref --sort -committerdate --format %(refname) %(objectname) %(*objectname) [3ms]
2024-10-18 09:49:15.600 [info] > git config --get commit.template [5ms]
2024-10-18 09:49:15.602 [info] > git for-each-ref --format=%(refname)%00%(upstream:short)%00%(objectname)%00%(upstream:track)%00%(upstream:remotename)%00%(upstream:remoteref) refs/heads/main refs/remotes/main [2ms]
2024-10-18 09:49:15.608 [warning] [Git][revParse] Unable to read file: ENOENT: no such file or directory, open '/workspace/project/.git/refs/remotes/origin/main'
2024-10-18 09:49:15.609 [info] > git rev-parse refs/remotes/origin/main [1ms]
2024-10-18 09:49:15.620 [info] > git status -z -uall [6ms]
2024-10-18 09:49:15.622 [info] > git for-each-ref --sort -committerdate --format %(refname) %(objectname) %(*objectname) [4ms]
