2024-10-22 06:12:49.565 [info] [main] Log level: Info
2024-10-22 06:12:49.565 [info] [main] Validating found git in: "git"
2024-10-22 06:12:49.565 [info] [main] Using git "2.43.0" from "git"
2024-10-22 06:12:49.565 [info] [Model][doInitialScan] Initial repository scan started
2024-10-22 06:12:49.565 [info] > git rev-parse --show-toplevel [7ms]
2024-10-22 06:12:49.565 [info] > git rev-parse --git-dir --git-common-dir [4ms]
2024-10-22 06:12:49.565 [info] [Model][openRepository] Opened repository: /workspace/project
2024-10-22 06:12:49.565 [info] > git config --get commit.template [7ms]
2024-10-22 06:12:49.565 [info] > git rev-parse --show-toplevel [10ms]
2024-10-22 06:12:49.565 [info] > git for-each-ref --format=%(refname)%00%(upstream:short)%00%(objectname)%00%(upstream:track)%00%(upstream:remotename)%00%(upstream:remoteref) refs/heads/main refs/remotes/main [4ms]
2024-10-22 06:12:49.565 [warning] [Git][revParse] Unable to read file: ENOENT: no such file or directory, open '/workspace/project/.git/refs/remotes/origin/main'
2024-10-22 06:12:49.565 [info] > git rev-parse --show-toplevel [5ms]
2024-10-22 06:12:49.565 [info] [Model][doInitialScan] Initial repository scan completed - repositories (1), closed repositories (0), parent repositories (0), unsafe repositories (0)
2024-10-22 06:12:49.565 [info] > git rev-parse refs/remotes/origin/main [3ms]
2024-10-22 06:12:49.565 [info] > git status -z -uall [9ms]
2024-10-22 06:12:49.565 [info] > git for-each-ref --sort -committerdate --format %(refname) %(objectname) %(*objectname) [4ms]
2024-10-22 06:12:49.565 [info] > git for-each-ref --format=%(refname)%00%(upstream:short)%00%(objectname)%00%(upstream:track)%00%(upstream:remotename)%00%(upstream:remoteref) refs/heads/main refs/remotes/main [10ms]
2024-10-22 06:12:49.565 [info] > git config --get commit.template [7ms]
2024-10-22 06:12:49.565 [info] > git config --local branch.main.vscode-merge-base [173ms]
2024-10-22 06:12:49.565 [info] > git for-each-ref --format=%(refname)%00%(upstream:short)%00%(objectname)%00%(upstream:track)%00%(upstream:remotename)%00%(upstream:remoteref) refs/heads/origin/main refs/remotes/origin/main [9ms]
2024-10-22 06:12:49.565 [info] > git for-each-ref --format=%(refname)%00%(upstream:short)%00%(objectname)%00%(upstream:track)%00%(upstream:remotename)%00%(upstream:remoteref) refs/heads/main refs/remotes/main [190ms]
2024-10-22 06:12:49.565 [warning] [Git][revParse] Unable to read file: ENOENT: no such file or directory, open '/workspace/project/.git/refs/remotes/origin/main'
2024-10-22 06:12:49.565 [info] > git merge-base refs/heads/main refs/remotes/origin/main [8ms]
2024-10-22 06:12:49.565 [info] > git rev-parse refs/remotes/origin/main [6ms]
2024-10-22 06:12:49.565 [info] > git status -z -uall [7ms]
2024-10-22 06:12:49.565 [info] > git diff --name-status -z --diff-filter=ADMR ebef6c6b5a5bd079e5abd81c2740b1261740ce15...refs/remotes/origin/main [12ms]
2024-10-22 06:12:49.565 [info] > git for-each-ref --sort -committerdate --format %(refname) %(objectname) %(*objectname) [5ms]
2024-10-22 06:12:50.085 [info] > git check-ignore -v -z --stdin [4ms]
2024-10-22 06:12:53.041 [info] > git config --local branch.main.github-pr-owner-number [258ms]
2024-10-22 06:12:53.041 [warning] [Git][config] git config failed: Failed to execute git
