2024-10-18 09:33:21.957 [info] Log level: Info
2024-10-18 09:33:21.957 [info] VSCODE_MACHINE_ID: someValue.machineId
2024-10-18 09:33:21.957 [info] VSCODE_SESSION_ID: someValue.sessionId
2024-10-18 09:33:21.957 [info] VSCODE_VERSION: 1.94.2
2024-10-18 09:33:21.957 [info] VSCODE_APP_NAME: Gitpod Code
2024-10-18 09:33:21.957 [info] VSCODE_APP_HOST: Gitpod
2024-10-18 09:33:21.957 [info] VSCODE_UI_KIND: web
2024-10-18 09:33:21.957 [info] GITPOD_WORKSPACE_CONTEXT_URL: https://github.com/freeCodeCamp/learn-celestial-bodies-database
2024-10-18 09:33:21.957 [info] GITPOD_INSTANCE_ID: 3e36644b-284e-4985-a0ed-b482379c7009
2024-10-18 09:33:21.957 [info] GITPOD_WORKSPACE_URL: https://freecodecam-learncelest-6e2b9j4osyg.ws-eu116.gitpod.io
2024-10-18 09:33:21.957 [info] Gitpod Web 7ff72a2
2024-10-18 09:33:21.957 [info] Reading sessions from keychain...
2024-10-18 09:33:22.039 [info] Getting sessions for all scopes...
2024-10-18 09:33:22.039 [info] Getting sessions for all scopes...
2024-10-18 09:33:22.039 [info] Getting GitHub sessions for all scopes...
2024-10-18 09:33:22.039 [info] Getting sessions for function:accessCodeSyncStorage...
2024-10-18 09:33:22.039 [info] Got stored sessions!
2024-10-18 09:33:22.326 [info] Verified session with the following scopes: function:accessCodeSyncStorage function:closePort function:controlAdmission function:deleteEnvVar function:generateNewGitpodToken function:getDefaultWorkspaceImage function:getGitpodTokenScopes function:getIDToken function:getLoggedInUser function:getOpenPorts function:getSupportedWorkspaceClasses function:getTeams function:getToken function:getWorkspace function:getWorkspaceEnvVars function:getWorkspaceOwner function:getWorkspaceTimeout function:getWorkspaceUsers function:guessGitTokenScopes function:isWorkspaceOwner function:openPort function:sendHeartBeat function:setEnvVar function:setWorkspaceTimeout function:stopWorkspace function:takeSnapshot function:trackEvent function:updateGitStatus function:waitForSnapshot resource:contentBlob::*::create/get resource:envVar::*/*::update resource:envVar::freeCodeCamp/learn-celestial-bodies-database::create/get/update/delete resource:gitpodToken::*::create resource:snapshot::ws-freecodecam-learncelest-6e2b9j4osyg::create resource:token::*::get resource:userStorage::*::create/get/update resource:workspace::freecodecam-learncelest-6e2b9j4osyg::get/update resource:workspaceInstance::3e36644b-284e-4985-a0ed-b482379c7009::get/update/delete
2024-10-18 09:33:22.326 [info] Got 1 verified sessions.
2024-10-18 09:33:22.326 [info] Got 1 sessions for all scopes...
2024-10-18 09:33:22.326 [info] Got 1 sessions for all scopes...
2024-10-18 09:33:22.326 [info] Got 1 sessions for function:accessCodeSyncStorage...
2024-10-18 09:33:22.360 [info] Got 1 GitHub sessions for all scopes...
2024-10-18 09:33:22.811 [info] Getting GitHub sessions for all scopes...
2024-10-18 09:33:22.811 [info] Getting sessions for all scopes...
2024-10-18 09:33:22.811 [info] Got 1 GitHub sessions for all scopes...
2024-10-18 09:33:22.811 [info] Got 1 sessions for all scopes...
2024-10-18 09:33:22.812 [info] Getting GitHub sessions for all scopes...
2024-10-18 09:33:22.812 [info] Got 1 GitHub sessions for all scopes...
2024-10-18 09:33:22.915 [info] Getting GitHub sessions for read:user,repo,user:email,workflow...
2024-10-18 09:33:22.915 [info] Got 1 GitHub sessions for read:user,repo,user:email,workflow...
2024-10-18 09:33:23.174 [info] Getting GitHub sessions for project,read:org,read:user,repo,user:email,workflow...
2024-10-18 09:33:23.174 [info] Got 0 GitHub sessions for project,read:org,read:user,repo,user:email,workflow...
2024-10-18 09:33:23.503 [info] Getting GitHub sessions for read:user,repo,user:email,workflow...
2024-10-18 09:33:23.503 [info] Got 1 GitHub sessions for read:user,repo,user:email,workflow...
