2024-10-22 06:12:48.472 [info] Log level: Info
2024-10-22 06:12:48.488 [info] VSCODE_MACHINE_ID: 6bfb9188-71ea-47f8-a35a-a74cd5706944
2024-10-22 06:12:48.489 [info] VSCODE_SESSION_ID: e82e2548-a9e3-448a-a5d3-a6ee8f22525d1729578206925
2024-10-22 06:12:48.489 [info] VSCODE_VERSION: 1.94.2
2024-10-22 06:12:48.489 [info] VSCODE_APP_NAME: Gitpod Code
2024-10-22 06:12:48.489 [info] VSCODE_APP_HOST: Gitpod
2024-10-22 06:12:48.489 [info] VSCODE_UI_KIND: web
2024-10-22 06:12:48.489 [info] GITPOD_WORKSPACE_CONTEXT_URL: https://github.com/freeCodeCamp/learn-celestial-bodies-database
2024-10-22 06:12:48.489 [info] GITPOD_INSTANCE_ID: c7fa39f3-bf93-4365-8c9c-93b31dcddeca
2024-10-22 06:12:48.489 [info] GITPOD_WORKSPACE_URL: https://freecodecam-learncelest-6e2b9j4osyg.ws-eu116.gitpod.io
2024-10-22 06:12:48.503 [info] Gitpod Web 7ff72a2
2024-10-22 06:12:48.503 [info] Reading sessions from keychain...
2024-10-22 06:12:48.845 [info] Getting sessions for all scopes...
2024-10-22 06:12:48.845 [info] Getting sessions for all scopes...
2024-10-22 06:12:48.845 [info] Getting GitHub sessions for all scopes...
2024-10-22 06:12:48.845 [info] Getting sessions for function:accessCodeSyncStorage...
2024-10-22 06:12:48.845 [info] Got stored sessions!
2024-10-22 06:12:48.845 [info] Verified session with the following scopes: function:accessCodeSyncStorage function:closePort function:controlAdmission function:deleteEnvVar function:generateNewGitpodToken function:getDefaultWorkspaceImage function:getGitpodTokenScopes function:getIDToken function:getLoggedInUser function:getOpenPorts function:getSupportedWorkspaceClasses function:getTeams function:getToken function:getWorkspace function:getWorkspaceEnvVars function:getWorkspaceOwner function:getWorkspaceTimeout function:getWorkspaceUsers function:guessGitTokenScopes function:isWorkspaceOwner function:openPort function:sendHeartBeat function:setEnvVar function:setWorkspaceTimeout function:stopWorkspace function:takeSnapshot function:trackEvent function:updateGitStatus function:waitForSnapshot resource:contentBlob::*::create/get resource:envVar::*/*::update resource:envVar::freeCodeCamp/learn-celestial-bodies-database::create/get/update/delete resource:gitpodToken::*::create resource:snapshot::ws-freecodecam-learncelest-6e2b9j4osyg::create resource:token::*::get resource:userStorage::*::create/get/update resource:workspace::freecodecam-learncelest-6e2b9j4osyg::get/update resource:workspaceInstance::c7fa39f3-bf93-4365-8c9c-93b31dcddeca::get/update/delete
2024-10-22 06:12:48.846 [info] Got 1 verified sessions.
2024-10-22 06:12:48.846 [info] Got 1 sessions for all scopes...
2024-10-22 06:12:48.846 [info] Got 1 sessions for all scopes...
2024-10-22 06:12:48.846 [info] Got 1 sessions for function:accessCodeSyncStorage...
2024-10-22 06:12:48.982 [info] Got 1 GitHub sessions for all scopes...
2024-10-22 06:12:49.161 [info] Getting GitHub sessions for all scopes...
2024-10-22 06:12:49.161 [info] Getting sessions for all scopes...
2024-10-22 06:12:49.161 [info] Got 1 GitHub sessions for all scopes...
2024-10-22 06:12:49.161 [info] Got 1 sessions for all scopes...
2024-10-22 06:12:49.302 [info] Getting GitHub sessions for all scopes...
2024-10-22 06:12:49.302 [info] Got 1 GitHub sessions for all scopes...
2024-10-22 06:12:49.982 [info] Getting GitHub sessions for read:user,repo,user:email,workflow...
2024-10-22 06:12:49.983 [info] Got 1 GitHub sessions for read:user,repo,user:email,workflow...
2024-10-22 06:12:50.852 [info] Getting GitHub sessions for project,read:org,read:user,repo,user:email,workflow...
2024-10-22 06:12:50.852 [info] Got 0 GitHub sessions for project,read:org,read:user,repo,user:email,workflow...
2024-10-22 06:12:51.109 [info] Getting GitHub sessions for read:user,repo,user:email,workflow...
2024-10-22 06:12:51.109 [info] Got 1 GitHub sessions for read:user,repo,user:email,workflow...
2024-10-22 06:12:51.492 [info] Getting GitHub sessions for read:user,repo,user:email,workflow...
2024-10-22 06:12:51.492 [info] Got 1 GitHub sessions for read:user,repo,user:email,workflow...
